app/build/intermediates/manifest_merge_blame_file/debug/processDebugMainManifest/manifest-merger-blame-debug-report.txt
1<?xml version="1.0" encoding="utf-8"?>
2<manifest xmlns:android="http://schemas.android.com/apk/res/android"
3    package="com.beoffline.app"
4    android:versionCode="1"
5    android:versionName="1.0.0" >
6
7    <uses-sdk
8        android:minSdkVersion="26"
9        android:targetSdkVersion="34" />
10
11    <!--
12         ======================================================================
13         PERMISSIONS
14         ======================================================================
15    -->
16
17
18    <!-- Core VPN permission — Android will show the system VPN consent dialog -->
19    <uses-permission android:name="android.permission.BIND_VPN_SERVICE" />
19-->src\main\AndroidManifest.xml:10:5-75
19-->src\main\AndroidManifest.xml:10:22-72
20
21    <!-- Scheduling: receive broadcast when device boots to restart active rules -->
22    <uses-permission android:name="android.permission.RECEIVE_BOOT_COMPLETED" />
22-->src\main\AndroidManifest.xml:13:5-81
22-->src\main\AndroidManifest.xml:13:22-78
23    <uses-permission android:name="android.permission.REQUEST_IGNORE_BATTERY_OPTIMIZATIONS" />
23-->src\main\AndroidManifest.xml:14:5-95
23-->src\main\AndroidManifest.xml:14:22-92
24
25    <!-- WorkManager & exact alarms for schedule enforcement -->
26    <uses-permission android:name="android.permission.SCHEDULE_EXACT_ALARM" />
26-->src\main\AndroidManifest.xml:17:5-79
26-->src\main\AndroidManifest.xml:17:22-76
27    <uses-permission android:name="android.permission.USE_EXACT_ALARM" />
27-->src\main\AndroidManifest.xml:18:5-74
27-->src\main\AndroidManifest.xml:18:22-71
28
29    <!-- Foreground service for the VPN (required Android 14+) -->
30    <uses-permission android:name="android.permission.FOREGROUND_SERVICE" />
30-->src\main\AndroidManifest.xml:21:5-77
30-->src\main\AndroidManifest.xml:21:22-74
31    <uses-permission android:name="android.permission.FOREGROUND_SERVICE_SPECIAL_USE" />
31-->src\main\AndroidManifest.xml:22:5-89
31-->src\main\AndroidManifest.xml:22:22-86
32
33    <!-- Needed to read/write VPN state in background -->
34    <uses-permission android:name="android.permission.INTERNET" />
34-->src\main\AndroidManifest.xml:25:5-67
34-->src\main\AndroidManifest.xml:25:22-64
35    <uses-permission android:name="android.permission.CHANGE_NETWORK_STATE" />
35-->src\main\AndroidManifest.xml:26:5-79
35-->src\main\AndroidManifest.xml:26:22-76
36    <uses-permission android:name="android.permission.ACCESS_NETWORK_STATE" />
36-->src\main\AndroidManifest.xml:27:5-79
36-->src\main\AndroidManifest.xml:27:22-76
37
38    <!-- Notification for the persistent VPN status notification (Android 13+) -->
39    <uses-permission android:name="android.permission.POST_NOTIFICATIONS" />
39-->src\main\AndroidManifest.xml:30:5-77
39-->src\main\AndroidManifest.xml:30:22-74
40
41    <!-- Wake locks to prevent WorkManager tasks from being killed -->
42    <uses-permission android:name="android.permission.WAKE_LOCK" />
42-->src\main\AndroidManifest.xml:33:5-68
42-->src\main\AndroidManifest.xml:33:22-65
43
44    <!-- Narrow package visibility for the app picker: only launcher apps. -->
45    <queries>
45-->src\main\AndroidManifest.xml:36:5-41:15
46        <intent>
46-->src\main\AndroidManifest.xml:37:9-40:18
47            <action android:name="android.intent.action.MAIN" />
47-->src\main\AndroidManifest.xml:38:13-65
47-->src\main\AndroidManifest.xml:38:21-62
48
49            <category android:name="android.intent.category.LAUNCHER" />
49-->src\main\AndroidManifest.xml:39:13-73
49-->src\main\AndroidManifest.xml:39:23-70
50        </intent>
51    </queries>
52
53    <permission
53-->[androidx.core:core:1.13.1] AndroidManifest.xml:22:5-24:47
54        android:name="com.beoffline.app.DYNAMIC_RECEIVER_NOT_EXPORTED_PERMISSION"
54-->[androidx.core:core:1.13.1] AndroidManifest.xml:23:9-81
55        android:protectionLevel="signature" />
55-->[androidx.core:core:1.13.1] AndroidManifest.xml:24:9-44
56
57    <uses-permission android:name="com.beoffline.app.DYNAMIC_RECEIVER_NOT_EXPORTED_PERMISSION" />
57-->[androidx.core:core:1.13.1] AndroidManifest.xml:26:5-97
57-->[androidx.core:core:1.13.1] AndroidManifest.xml:26:22-94
58
59    <application
59-->src\main\AndroidManifest.xml:43:5-122:19
60        android:name="com.beoffline.app.BeOfflineApp"
60-->src\main\AndroidManifest.xml:44:9-37
61        android:allowBackup="true"
61-->src\main\AndroidManifest.xml:45:9-35
62        android:appComponentFactory="androidx.core.app.CoreComponentFactory"
62-->[androidx.core:core:1.13.1] AndroidManifest.xml:28:18-86
63        android:debuggable="true"
64        android:extractNativeLibs="false"
65        android:icon="@mipmap/ic_launcher"
65-->src\main\AndroidManifest.xml:46:9-43
66        android:label="@string/app_name"
66-->src\main\AndroidManifest.xml:47:9-41
67        android:roundIcon="@mipmap/ic_launcher"
67-->src\main\AndroidManifest.xml:48:9-48
68        android:supportsRtl="true"
68-->src\main\AndroidManifest.xml:49:9-35
69        android:testOnly="true"
70        android:theme="@style/Theme.BeOffline" >
70-->src\main\AndroidManifest.xml:50:9-47
71
72        <!--
73             ================================================================
74             MAIN ACTIVITY
75             ================================================================
76        -->
77        <activity
77-->src\main\AndroidManifest.xml:55:9-63:20
78            android:name="com.beoffline.app.MainActivity"
78-->src\main\AndroidManifest.xml:56:13-41
79            android:exported="true"
79-->src\main\AndroidManifest.xml:57:13-36
80            android:theme="@style/Theme.BeOffline" >
80-->src\main\AndroidManifest.xml:58:13-51
81            <intent-filter>
81-->src\main\AndroidManifest.xml:59:13-62:29
82                <action android:name="android.intent.action.MAIN" />
82-->src\main\AndroidManifest.xml:38:13-65
82-->src\main\AndroidManifest.xml:38:21-62
83
84                <category android:name="android.intent.category.LAUNCHER" />
84-->src\main\AndroidManifest.xml:39:13-73
84-->src\main\AndroidManifest.xml:39:23-70
85            </intent-filter>
86        </activity>
87
88        <!--
89             ================================================================
90             CORE VPN SERVICE
91             The android.permission.BIND_VPN_SERVICE ensures only the OS can
92             bind to this service. The service handles all packet routing.
93             ================================================================
94        -->
95        <service
95-->src\main\AndroidManifest.xml:70:9-82:19
96            android:name="com.beoffline.app.vpn.BeOfflineVpnService"
96-->src\main\AndroidManifest.xml:71:13-52
97            android:exported="false"
97-->src\main\AndroidManifest.xml:72:13-37
98            android:foregroundServiceType="specialUse"
98-->src\main\AndroidManifest.xml:75:13-55
99            android:label="BeOffline VPN"
99-->src\main\AndroidManifest.xml:73:13-42
100            android:permission="android.permission.BIND_VPN_SERVICE" >
100-->src\main\AndroidManifest.xml:74:13-69
101            <intent-filter>
101-->src\main\AndroidManifest.xml:76:13-78:29
102                <action android:name="android.net.VpnService" />
102-->src\main\AndroidManifest.xml:77:17-65
102-->src\main\AndroidManifest.xml:77:25-62
103            </intent-filter>
104
105            <meta-data
105-->src\main\AndroidManifest.xml:79:13-81:45
106                android:name="android.app.PROPERTY_SPECIAL_USE_FGS_SUBTYPE"
106-->src\main\AndroidManifest.xml:80:17-76
107                android:value="VpnTunnel" />
107-->src\main\AndroidManifest.xml:81:17-42
108        </service>
109
110        <!--
111             ================================================================
112             BOOT RECEIVER
113             Restarts the VPN when the device reboots if a rule was active.
114             ================================================================
115        -->
116        <receiver
116-->src\main\AndroidManifest.xml:88:9-95:20
117            android:name="com.beoffline.app.receiver.BootReceiver"
117-->src\main\AndroidManifest.xml:89:13-50
118            android:exported="true" >
118-->src\main\AndroidManifest.xml:90:13-36
119            <intent-filter>
119-->src\main\AndroidManifest.xml:91:13-94:29
120                <action android:name="android.intent.action.BOOT_COMPLETED" />
120-->src\main\AndroidManifest.xml:92:17-79
120-->src\main\AndroidManifest.xml:92:25-76
121                <action android:name="android.intent.action.MY_PACKAGE_REPLACED" />
121-->src\main\AndroidManifest.xml:93:17-84
121-->src\main\AndroidManifest.xml:93:25-81
122            </intent-filter>
123        </receiver>
124
125        <!--
126             ================================================================
127             SCHEDULE TRIGGER RECEIVER
128             WorkManager alarm for schedule start/end events.
129             ================================================================
130        -->
131        <receiver
131-->src\main\AndroidManifest.xml:101:9-103:40
132            android:name="com.beoffline.app.receiver.ScheduleAlarmReceiver"
132-->src\main\AndroidManifest.xml:102:13-59
133            android:exported="false" />
133-->src\main\AndroidManifest.xml:103:13-37
134        <receiver
134-->src\main\AndroidManifest.xml:105:9-107:40
135            android:name="com.beoffline.app.receiver.VpnRecoveryReceiver"
135-->src\main\AndroidManifest.xml:106:13-57
136            android:exported="false" />
136-->src\main\AndroidManifest.xml:107:13-37
137
138        <!--
139             Remove the default WorkManager initializer because BeOfflineApp provides
140             the configuration and worker factory explicitly.
141        -->
142        <provider
143            android:name="androidx.startup.InitializationProvider"
143-->src\main\AndroidManifest.xml:112:13-67
144            android:authorities="com.beoffline.app.androidx-startup"
144-->src\main\AndroidManifest.xml:113:13-68
145            android:exported="false" >
145-->src\main\AndroidManifest.xml:114:13-37
146            <meta-data
146-->[androidx.emoji2:emoji2:1.3.0] AndroidManifest.xml:29:13-31:52
147                android:name="androidx.emoji2.text.EmojiCompatInitializer"
147-->[androidx.emoji2:emoji2:1.3.0] AndroidManifest.xml:30:17-75
148                android:value="androidx.startup" />
148-->[androidx.emoji2:emoji2:1.3.0] AndroidManifest.xml:31:17-49
149            <meta-data
149-->[androidx.lifecycle:lifecycle-process:2.8.3] AndroidManifest.xml:29:13-31:52
150                android:name="androidx.lifecycle.ProcessLifecycleInitializer"
150-->[androidx.lifecycle:lifecycle-process:2.8.3] AndroidManifest.xml:30:17-78
151                android:value="androidx.startup" />
151-->[androidx.lifecycle:lifecycle-process:2.8.3] AndroidManifest.xml:31:17-49
152            <meta-data
152-->[androidx.profileinstaller:profileinstaller:1.3.1] AndroidManifest.xml:29:13-31:52
153                android:name="androidx.profileinstaller.ProfileInstallerInitializer"
153-->[androidx.profileinstaller:profileinstaller:1.3.1] AndroidManifest.xml:30:17-85
154                android:value="androidx.startup" />
154-->[androidx.profileinstaller:profileinstaller:1.3.1] AndroidManifest.xml:31:17-49
155        </provider>
156
157        <service
157-->[androidx.work:work-runtime:2.9.0] AndroidManifest.xml:39:9-45:35
158            android:name="androidx.work.impl.background.systemalarm.SystemAlarmService"
158-->[androidx.work:work-runtime:2.9.0] AndroidManifest.xml:40:13-88
159            android:directBootAware="false"
159-->[androidx.work:work-runtime:2.9.0] AndroidManifest.xml:41:13-44
160            android:enabled="@bool/enable_system_alarm_service_default"
160-->[androidx.work:work-runtime:2.9.0] AndroidManifest.xml:42:13-72
161            android:exported="false" />
161-->[androidx.work:work-runtime:2.9.0] AndroidManifest.xml:43:13-37
162        <service
162-->[androidx.work:work-runtime:2.9.0] AndroidManifest.xml:46:9-52:35
163            android:name="androidx.work.impl.background.systemjob.SystemJobService"
163-->[androidx.work:work-runtime:2.9.0] AndroidManifest.xml:47:13-84
164            android:directBootAware="false"
164-->[androidx.work:work-runtime:2.9.0] AndroidManifest.xml:48:13-44
165            android:enabled="@bool/enable_system_job_service_default"
165-->[androidx.work:work-runtime:2.9.0] AndroidManifest.xml:49:13-70
166            android:exported="true"
166-->[androidx.work:work-runtime:2.9.0] AndroidManifest.xml:50:13-36
167            android:permission="android.permission.BIND_JOB_SERVICE" />
167-->[androidx.work:work-runtime:2.9.0] AndroidManifest.xml:51:13-69
168        <service
168-->[androidx.work:work-runtime:2.9.0] AndroidManifest.xml:53:9-59:35
169            android:name="androidx.work.impl.foreground.SystemForegroundService"
169-->[androidx.work:work-runtime:2.9.0] AndroidManifest.xml:54:13-81
170            android:directBootAware="false"
170-->[androidx.work:work-runtime:2.9.0] AndroidManifest.xml:55:13-44
171            android:enabled="@bool/enable_system_foreground_service_default"
171-->[androidx.work:work-runtime:2.9.0] AndroidManifest.xml:56:13-77
172            android:exported="false" />
172-->[androidx.work:work-runtime:2.9.0] AndroidManifest.xml:57:13-37
173
174        <receiver
174-->[androidx.work:work-runtime:2.9.0] AndroidManifest.xml:61:9-66:35
175            android:name="androidx.work.impl.utils.ForceStopRunnable$BroadcastReceiver"
175-->[androidx.work:work-runtime:2.9.0] AndroidManifest.xml:62:13-88
176            android:directBootAware="false"
176-->[androidx.work:work-runtime:2.9.0] AndroidManifest.xml:63:13-44
177            android:enabled="true"
177-->[androidx.work:work-runtime:2.9.0] AndroidManifest.xml:64:13-35
178            android:exported="false" />
178-->[androidx.work:work-runtime:2.9.0] AndroidManifest.xml:65:13-37
179        <receiver
179-->[androidx.work:work-runtime:2.9.0] AndroidManifest.xml:67:9-77:20
180            android:name="androidx.work.impl.background.systemalarm.ConstraintProxy$BatteryChargingProxy"
180-->[androidx.work:work-runtime:2.9.0] AndroidManifest.xml:68:13-106
181            android:directBootAware="false"
181-->[androidx.work:work-runtime:2.9.0] AndroidManifest.xml:69:13-44
182            android:enabled="false"
182-->[androidx.work:work-runtime:2.9.0] AndroidManifest.xml:70:13-36
183            android:exported="false" >
183-->[androidx.work:work-runtime:2.9.0] AndroidManifest.xml:71:13-37
184            <intent-filter>
184-->[androidx.work:work-runtime:2.9.0] AndroidManifest.xml:73:13-76:29
185                <action android:name="android.intent.action.ACTION_POWER_CONNECTED" />
185-->[androidx.work:work-runtime:2.9.0] AndroidManifest.xml:74:17-87
185-->[androidx.work:work-runtime:2.9.0] AndroidManifest.xml:74:25-84
186                <action android:name="android.intent.action.ACTION_POWER_DISCONNECTED" />
186-->[androidx.work:work-runtime:2.9.0] AndroidManifest.xml:75:17-90
186-->[androidx.work:work-runtime:2.9.0] AndroidManifest.xml:75:25-87
187            </intent-filter>
188        </receiver>
189        <receiver
189-->[androidx.work:work-runtime:2.9.0] AndroidManifest.xml:78:9-88:20
190            android:name="androidx.work.impl.background.systemalarm.ConstraintProxy$BatteryNotLowProxy"
190-->[androidx.work:work-runtime:2.9.0] AndroidManifest.xml:79:13-104
191            android:directBootAware="false"
191-->[androidx.work:work-runtime:2.9.0] AndroidManifest.xml:80:13-44
192            android:enabled="false"
192-->[androidx.work:work-runtime:2.9.0] AndroidManifest.xml:81:13-36
193            android:exported="false" >
193-->[androidx.work:work-runtime:2.9.0] AndroidManifest.xml:82:13-37
194            <intent-filter>
194-->[androidx.work:work-runtime:2.9.0] AndroidManifest.xml:84:13-87:29
195                <action android:name="android.intent.action.BATTERY_OKAY" />
195-->[androidx.work:work-runtime:2.9.0] AndroidManifest.xml:85:17-77
195-->[androidx.work:work-runtime:2.9.0] AndroidManifest.xml:85:25-74
196                <action android:name="android.intent.action.BATTERY_LOW" />
196-->[androidx.work:work-runtime:2.9.0] AndroidManifest.xml:86:17-76
196-->[androidx.work:work-runtime:2.9.0] AndroidManifest.xml:86:25-73
197            </intent-filter>
198        </receiver>
199        <receiver
199-->[androidx.work:work-runtime:2.9.0] AndroidManifest.xml:89:9-99:20
200            android:name="androidx.work.impl.background.systemalarm.ConstraintProxy$StorageNotLowProxy"
200-->[androidx.work:work-runtime:2.9.0] AndroidManifest.xml:90:13-104
201            android:directBootAware="false"
201-->[androidx.work:work-runtime:2.9.0] AndroidManifest.xml:91:13-44
202            android:enabled="false"
202-->[androidx.work:work-runtime:2.9.0] AndroidManifest.xml:92:13-36
203            android:exported="false" >
203-->[androidx.work:work-runtime:2.9.0] AndroidManifest.xml:93:13-37
204            <intent-filter>
204-->[androidx.work:work-runtime:2.9.0] AndroidManifest.xml:95:13-98:29
205                <action android:name="android.intent.action.DEVICE_STORAGE_LOW" />
205-->[androidx.work:work-runtime:2.9.0] AndroidManifest.xml:96:17-83
205-->[androidx.work:work-runtime:2.9.0] AndroidManifest.xml:96:25-80
206                <action android:name="android.intent.action.DEVICE_STORAGE_OK" />
206-->[androidx.work:work-runtime:2.9.0] AndroidManifest.xml:97:17-82
206-->[androidx.work:work-runtime:2.9.0] AndroidManifest.xml:97:25-79
207            </intent-filter>
208        </receiver>
209        <receiver
209-->[androidx.work:work-runtime:2.9.0] AndroidManifest.xml:100:9-109:20
210            android:name="androidx.work.impl.background.systemalarm.ConstraintProxy$NetworkStateProxy"
210-->[androidx.work:work-runtime:2.9.0] AndroidManifest.xml:101:13-103
211            android:directBootAware="false"
211-->[androidx.work:work-runtime:2.9.0] AndroidManifest.xml:102:13-44
212            android:enabled="false"
212-->[androidx.work:work-runtime:2.9.0] AndroidManifest.xml:103:13-36
213            android:exported="false" >
213-->[androidx.work:work-runtime:2.9.0] AndroidManifest.xml:104:13-37
214            <intent-filter>
214-->[androidx.work:work-runtime:2.9.0] AndroidManifest.xml:106:13-108:29
215                <action android:name="android.net.conn.CONNECTIVITY_CHANGE" />
215-->[androidx.work:work-runtime:2.9.0] AndroidManifest.xml:107:17-79
215-->[androidx.work:work-runtime:2.9.0] AndroidManifest.xml:107:25-76
216            </intent-filter>
217        </receiver>
218        <receiver
218-->[androidx.work:work-runtime:2.9.0] AndroidManifest.xml:110:9-121:20
219            android:name="androidx.work.impl.background.systemalarm.RescheduleReceiver"
219-->[androidx.work:work-runtime:2.9.0] AndroidManifest.xml:111:13-88
220            android:directBootAware="false"
220-->[androidx.work:work-runtime:2.9.0] AndroidManifest.xml:112:13-44
221            android:enabled="false"
221-->[androidx.work:work-runtime:2.9.0] AndroidManifest.xml:113:13-36
222            android:exported="false" >
222-->[androidx.work:work-runtime:2.9.0] AndroidManifest.xml:114:13-37
223            <intent-filter>
223-->[androidx.work:work-runtime:2.9.0] AndroidManifest.xml:116:13-120:29
224                <action android:name="android.intent.action.BOOT_COMPLETED" />
224-->src\main\AndroidManifest.xml:92:17-79
224-->src\main\AndroidManifest.xml:92:25-76
225                <action android:name="android.intent.action.TIME_SET" />
225-->[androidx.work:work-runtime:2.9.0] AndroidManifest.xml:118:17-73
225-->[androidx.work:work-runtime:2.9.0] AndroidManifest.xml:118:25-70
226                <action android:name="android.intent.action.TIMEZONE_CHANGED" />
226-->[androidx.work:work-runtime:2.9.0] AndroidManifest.xml:119:17-81
226-->[androidx.work:work-runtime:2.9.0] AndroidManifest.xml:119:25-78
227            </intent-filter>
228        </receiver>
229        <receiver
229-->[androidx.work:work-runtime:2.9.0] AndroidManifest.xml:122:9-131:20
230            android:name="androidx.work.impl.background.systemalarm.ConstraintProxyUpdateReceiver"
230-->[androidx.work:work-runtime:2.9.0] AndroidManifest.xml:123:13-99
231            android:directBootAware="false"
231-->[androidx.work:work-runtime:2.9.0] AndroidManifest.xml:124:13-44
232            android:enabled="@bool/enable_system_alarm_service_default"
232-->[androidx.work:work-runtime:2.9.0] AndroidManifest.xml:125:13-72
233            android:exported="false" >
233-->[androidx.work:work-runtime:2.9.0] AndroidManifest.xml:126:13-37
234            <intent-filter>
234-->[androidx.work:work-runtime:2.9.0] AndroidManifest.xml:128:13-130:29
235                <action android:name="androidx.work.impl.background.systemalarm.UpdateProxies" />
235-->[androidx.work:work-runtime:2.9.0] AndroidManifest.xml:129:17-98
235-->[androidx.work:work-runtime:2.9.0] AndroidManifest.xml:129:25-95
236            </intent-filter>
237        </receiver>
238        <receiver
238-->[androidx.work:work-runtime:2.9.0] AndroidManifest.xml:132:9-142:20
239            android:name="androidx.work.impl.diagnostics.DiagnosticsReceiver"
239-->[androidx.work:work-runtime:2.9.0] AndroidManifest.xml:133:13-78
240            android:directBootAware="false"
240-->[androidx.work:work-runtime:2.9.0] AndroidManifest.xml:134:13-44
241            android:enabled="true"
241-->[androidx.work:work-runtime:2.9.0] AndroidManifest.xml:135:13-35
242            android:exported="true"
242-->[androidx.work:work-runtime:2.9.0] AndroidManifest.xml:136:13-36
243            android:permission="android.permission.DUMP" >
243-->[androidx.work:work-runtime:2.9.0] AndroidManifest.xml:137:13-57
244            <intent-filter>
244-->[androidx.work:work-runtime:2.9.0] AndroidManifest.xml:139:13-141:29
245                <action android:name="androidx.work.diagnostics.REQUEST_DIAGNOSTICS" />
245-->[androidx.work:work-runtime:2.9.0] AndroidManifest.xml:140:17-88
245-->[androidx.work:work-runtime:2.9.0] AndroidManifest.xml:140:25-85
246            </intent-filter>
247        </receiver>
248
249        <service
249-->[com.google.firebase:firebase-crashlytics:20.0.3] AndroidManifest.xml:12:9-21:19
250            android:name="com.google.firebase.components.ComponentDiscoveryService"
250-->[com.google.firebase:firebase-crashlytics:20.0.3] AndroidManifest.xml:13:13-84
251            android:directBootAware="true"
251-->[com.google.firebase:firebase-common:22.0.1] AndroidManifest.xml:32:13-43
252            android:exported="false" >
252-->[com.google.firebase:firebase-crashlytics:20.0.3] AndroidManifest.xml:14:13-37
253            <meta-data
253-->[com.google.firebase:firebase-crashlytics:20.0.3] AndroidManifest.xml:15:13-17:85
254                android:name="com.google.firebase.components:com.google.firebase.crashlytics.FirebaseCrashlyticsKtxRegistrar"
254-->[com.google.firebase:firebase-crashlytics:20.0.3] AndroidManifest.xml:16:17-126
255                android:value="com.google.firebase.components.ComponentRegistrar" />
255-->[com.google.firebase:firebase-crashlytics:20.0.3] AndroidManifest.xml:17:17-82
256            <meta-data
256-->[com.google.firebase:firebase-crashlytics:20.0.3] AndroidManifest.xml:18:13-20:85
257                android:name="com.google.firebase.components:com.google.firebase.crashlytics.CrashlyticsRegistrar"
257-->[com.google.firebase:firebase-crashlytics:20.0.3] AndroidManifest.xml:19:17-115
258                android:value="com.google.firebase.components.ComponentRegistrar" />
258-->[com.google.firebase:firebase-crashlytics:20.0.3] AndroidManifest.xml:20:17-82
259            <meta-data
259-->[com.google.firebase:firebase-sessions:3.0.3] AndroidManifest.xml:25:13-27:85
260                android:name="com.google.firebase.components:com.google.firebase.sessions.FirebaseSessionsRegistrar"
260-->[com.google.firebase:firebase-sessions:3.0.3] AndroidManifest.xml:26:17-117
261                android:value="com.google.firebase.components.ComponentRegistrar" />
261-->[com.google.firebase:firebase-sessions:3.0.3] AndroidManifest.xml:27:17-82
262            <meta-data
262-->[com.google.firebase:firebase-installations:19.0.1] AndroidManifest.xml:15:13-17:85
263                android:name="com.google.firebase.components:com.google.firebase.installations.FirebaseInstallationsKtxRegistrar"
263-->[com.google.firebase:firebase-installations:19.0.1] AndroidManifest.xml:16:17-130
264                android:value="com.google.firebase.components.ComponentRegistrar" />
264-->[com.google.firebase:firebase-installations:19.0.1] AndroidManifest.xml:17:17-82
265            <meta-data
265-->[com.google.firebase:firebase-installations:19.0.1] AndroidManifest.xml:18:13-20:85
266                android:name="com.google.firebase.components:com.google.firebase.installations.FirebaseInstallationsRegistrar"
266-->[com.google.firebase:firebase-installations:19.0.1] AndroidManifest.xml:19:17-127
267                android:value="com.google.firebase.components.ComponentRegistrar" />
267-->[com.google.firebase:firebase-installations:19.0.1] AndroidManifest.xml:20:17-82
268            <meta-data
268-->[com.google.firebase:firebase-common:22.0.1] AndroidManifest.xml:35:13-37:85
269                android:name="com.google.firebase.components:com.google.firebase.FirebaseCommonKtxRegistrar"
269-->[com.google.firebase:firebase-common:22.0.1] AndroidManifest.xml:36:17-109
270                android:value="com.google.firebase.components.ComponentRegistrar" />
270-->[com.google.firebase:firebase-common:22.0.1] AndroidManifest.xml:37:17-82
271            <meta-data
271-->[com.google.firebase:firebase-datatransport:19.0.0] AndroidManifest.xml:25:13-27:85
272                android:name="com.google.firebase.components:com.google.firebase.datatransport.TransportRegistrar"
272-->[com.google.firebase:firebase-datatransport:19.0.0] AndroidManifest.xml:26:17-115
273                android:value="com.google.firebase.components.ComponentRegistrar" />
273-->[com.google.firebase:firebase-datatransport:19.0.0] AndroidManifest.xml:27:17-82
274        </service>
275
276        <provider
276-->[com.google.firebase:firebase-common:22.0.1] AndroidManifest.xml:23:9-28:39
277            android:name="com.google.firebase.provider.FirebaseInitProvider"
277-->[com.google.firebase:firebase-common:22.0.1] AndroidManifest.xml:24:13-77
278            android:authorities="com.beoffline.app.firebaseinitprovider"
278-->[com.google.firebase:firebase-common:22.0.1] AndroidManifest.xml:25:13-72
279            android:directBootAware="true"
279-->[com.google.firebase:firebase-common:22.0.1] AndroidManifest.xml:26:13-43
280            android:exported="false"
280-->[com.google.firebase:firebase-common:22.0.1] AndroidManifest.xml:27:13-37
281            android:initOrder="100" />
281-->[com.google.firebase:firebase-common:22.0.1] AndroidManifest.xml:28:13-36
282
283        <service
283-->[androidx.room:room-runtime:2.6.1] AndroidManifest.xml:24:9-28:63
284            android:name="androidx.room.MultiInstanceInvalidationService"
284-->[androidx.room:room-runtime:2.6.1] AndroidManifest.xml:25:13-74
285            android:directBootAware="true"
285-->[androidx.room:room-runtime:2.6.1] AndroidManifest.xml:26:13-43
286            android:exported="false" />
286-->[androidx.room:room-runtime:2.6.1] AndroidManifest.xml:27:13-37
287
288        <meta-data
288-->[com.google.android.gms:play-services-basement:18.3.0] AndroidManifest.xml:21:9-23:69
289            android:name="com.google.android.gms.version"
289-->[com.google.android.gms:play-services-basement:18.3.0] AndroidManifest.xml:22:13-58
290            android:value="@integer/google_play_services_version" />
290-->[com.google.android.gms:play-services-basement:18.3.0] AndroidManifest.xml:23:13-66
291
292        <activity
292-->[androidx.compose.ui:ui-test-manifest:1.6.8] AndroidManifest.xml:23:9-25:39
293            android:name="androidx.activity.ComponentActivity"
293-->[androidx.compose.ui:ui-test-manifest:1.6.8] AndroidManifest.xml:24:13-63
294            android:exported="true" />
294-->[androidx.compose.ui:ui-test-manifest:1.6.8] AndroidManifest.xml:25:13-36
295        <activity
295-->[androidx.compose.ui:ui-tooling-android:1.6.8] AndroidManifest.xml:23:9-25:39
296            android:name="androidx.compose.ui.tooling.PreviewActivity"
296-->[androidx.compose.ui:ui-tooling-android:1.6.8] AndroidManifest.xml:24:13-71
297            android:exported="true" />
297-->[androidx.compose.ui:ui-tooling-android:1.6.8] AndroidManifest.xml:25:13-36
298
299        <service
299-->[com.google.android.datatransport:transport-backend-cct:3.3.0] AndroidManifest.xml:26:9-32:19
300            android:name="com.google.android.datatransport.runtime.backends.TransportBackendDiscovery"
300-->[com.google.android.datatransport:transport-backend-cct:3.3.0] AndroidManifest.xml:27:13-103
301            android:exported="false" >
301-->[com.google.android.datatransport:transport-backend-cct:3.3.0] AndroidManifest.xml:28:13-37
302            <meta-data
302-->[com.google.android.datatransport:transport-backend-cct:3.3.0] AndroidManifest.xml:29:13-31:39
303                android:name="backend:com.google.android.datatransport.cct.CctBackendFactory"
303-->[com.google.android.datatransport:transport-backend-cct:3.3.0] AndroidManifest.xml:30:17-94
304                android:value="cct" />
304-->[com.google.android.datatransport:transport-backend-cct:3.3.0] AndroidManifest.xml:31:17-36
305        </service>
306        <service
306-->[com.google.android.datatransport:transport-runtime:3.3.0] AndroidManifest.xml:24:9-28:19
307            android:name="com.google.android.datatransport.runtime.scheduling.jobscheduling.JobInfoSchedulerService"
307-->[com.google.android.datatransport:transport-runtime:3.3.0] AndroidManifest.xml:25:13-117
308            android:exported="false"